<?xml version="1.0" encoding="UTF-8"?>
<!-- Generated by org.testng.reporters.JUnitXMLReporter -->
<testsuite ignored="1" hostname="LAPTOP-JP04RGF3" failures="0" tests="3" name="Test" time="15.842" errors="0" timestamp="07 Jan 2019 10:38:11 GMT">
  <testcase classname="SpiceJetWebAppSuite.Spice_Jet_Flights_App.SpiceJetLandingPageTest" name="verifyRoundTripRadio" time="0.089"/>
  <testcase classname="SpiceJetWebAppSuite.Spice_Jet_Flights_App.SpiceJetLandingPageTest" name="verifyStudentCheckBox" time="0.046"/>
  <testcase classname="SpiceJetWebAppSuite.Spice_Jet_Flights_App.SpiceJetLandingPageTest" name="verifyFlightButton" time="0.043"/>
  <testcase classname="SpiceJetWebAppSuite.Spice_Jet_Flights_App.SpiceJetLandingPageTest" name="selectCurAndPax" time="0.0">
    <ignored/>
  </testcase> <!-- selectCurAndPax -->
</testsuite> <!-- Test -->
