<?xml version="1.0" encoding="UTF-8"?>
<!-- Generated by org.testng.reporters.JUnitXMLReporter -->
<testsuite hostname="LAPTOP-49G1OO80" ignored="0" name="Default test" tests="5" failures="0" timestamp="07 Sep 2018 00:37:18 GMT" time="57.236" errors="0">
  <testcase name="selectCurAndPax" time="12.058" classname="SpiceJetWebAppSuite.Spice_Jet_Flights_App.SpiceJetLandingPageTest"/>
  <testcase name="selectCurAndPax" time="9.331" classname="SpiceJetWebAppSuite.Spice_Jet_Flights_App.SpiceJetLandingPageTest"/>
  <testcase name="verifyFlightButton" time="0.314" classname="SpiceJetWebAppSuite.Spice_Jet_Flights_App.SpiceJetLandingPageTest"/>
  <testcase name="verifyRoundTripRadio" time="0.278" classname="SpiceJetWebAppSuite.Spice_Jet_Flights_App.SpiceJetLandingPageTest"/>
  <testcase name="verifyStudentCheckBox" time="0.177" classname="SpiceJetWebAppSuite.Spice_Jet_Flights_App.SpiceJetLandingPageTest"/>
</testsuite> <!-- Default test -->
