<?xml version="1.0" encoding="UTF-8"?>
<!-- Generated by org.testng.reporters.JUnitXMLReporter -->
<testsuite hostname="LAPTOP-49G1OO80" ignored="0" name="Test" tests="5" failures="1" timestamp="07 Sep 2018 01:21:39 GMT" time="101.681" errors="0">
  <testcase name="selectCurAndPax" time="25.83" classname="SpiceJetWebAppSuite.Spice_Jet_Flights_App.SpiceJetLandingPageTest"/>
  <testcase name="selectCurAndPax" time="19.468" classname="SpiceJetWebAppSuite.Spice_Jet_Flights_App.SpiceJetLandingPageTest"/>
  <testcase name="verifyFlightButton" time="0.512" classname="SpiceJetWebAppSuite.Spice_Jet_Flights_App.SpiceJetLandingPageTest"/>
  <testcase name="verifyRoundTripRadio" time="0.465" classname="SpiceJetWebAppSuite.Spice_Jet_Flights_App.SpiceJetLandingPageTest">
    <failure type="java.lang.AssertionError" message="expected [false] but found [true]">
      <![CDATA[java.lang.AssertionError: expected [false] but found [true]
at SpiceJetWebAppSuite.Spice_Jet_Flights_App.SpiceJetLandingPageTest.verifyRoundTripRadio(SpiceJetLandingPageTest.java:36)
... Removed 29 stack frames]]>
    </failure>
  </testcase> <!-- verifyRoundTripRadio -->
  <testcase name="verifyStudentCheckBox" time="0.753" classname="SpiceJetWebAppSuite.Spice_Jet_Flights_App.SpiceJetLandingPageTest"/>
</testsuite> <!-- Test -->
