<?xml version="1.0" encoding="UTF-8"?>
<!-- Generated by org.testng.reporters.JUnitXMLReporter -->
<testsuite hostname="LAPTOP-49G1OO80" ignored="0" name="Test" tests="5" failures="0" timestamp="07 Sep 2018 06:53:40 GMT" time="54.16" errors="0">
  <testcase name="selectCurAndPax" time="6.105" classname="SpiceJetWebAppSuite.Spice_Jet_Flights_App.SpiceJetLandingPageTest"/>
  <testcase name="selectCurAndPax" time="5.327" classname="SpiceJetWebAppSuite.Spice_Jet_Flights_App.SpiceJetLandingPageTest"/>
  <testcase name="verifyFlightButton" time="0.106" classname="SpiceJetWebAppSuite.Spice_Jet_Flights_App.SpiceJetLandingPageTest"/>
  <testcase name="verifyRoundTripRadio" time="0.091" classname="SpiceJetWebAppSuite.Spice_Jet_Flights_App.SpiceJetLandingPageTest"/>
  <testcase name="verifyStudentCheckBox" time="0.085" classname="SpiceJetWebAppSuite.Spice_Jet_Flights_App.SpiceJetLandingPageTest"/>
</testsuite> <!-- Test -->
