<?xml version="1.0" encoding="UTF-8"?>
<testng-results ignored="0" total="5" passed="4" failed="1" skipped="0">
  <reporter-output>
  </reporter-output>
  <suite started-at="2019-01-07T10:54:02Z" name="RegressionSuite" finished-at="2019-01-07T10:54:17Z" duration-ms="14639">
    <groups>
    </groups>
    <test started-at="2019-01-07T10:54:02Z" name="Test" finished-at="2019-01-07T10:54:17Z" duration-ms="14639">
      <class name="SpiceJetWebAppSuite.Spice_Jet_Flights_App.SpiceJetLandingPageTest">
        <test-method is-config="true" signature="startUp()[pri:0, instance:SpiceJetWebAppSuite.Spice_Jet_Flights_App.SpiceJetLandingPageTest@278bb07e]" started-at="2019-01-07T10:54:02Z" name="startUp" finished-at="2019-01-07T10:54:09Z" duration-ms="7009" status="PASS">
          <reporter-output>
          </reporter-output>
        </test-method> <!-- startUp -->
        <test-method signature="selectCurAndPax(java.lang.String, int)[pri:0, instance:SpiceJetWebAppSuite.Spice_Jet_Flights_App.SpiceJetLandingPageTest@278bb07e]" started-at="2019-01-07T10:54:09Z" name="selectCurAndPax" data-provider="testdata" finished-at="2019-01-07T10:54:12Z" duration-ms="3209" status="PASS">
          <params>
            <param index="0">
              <value>
                <![CDATA[USD]]>
              </value>
            </param>
            <param index="1">
              <value>
                <![CDATA[2]]>
              </value>
            </param>
          </params>
          <reporter-output>
          </reporter-output>
        </test-method> <!-- selectCurAndPax -->
        <test-method signature="selectCurAndPax(java.lang.String, int)[pri:0, instance:SpiceJetWebAppSuite.Spice_Jet_Flights_App.SpiceJetLandingPageTest@278bb07e]" started-at="2019-01-07T10:54:12Z" name="selectCurAndPax" data-provider="testdata" finished-at="2019-01-07T10:54:15Z" duration-ms="2897" status="PASS">
          <params>
            <param index="0">
              <value>
                <![CDATA[INR]]>
              </value>
            </param>
            <param index="1">
              <value>
                <![CDATA[3]]>
              </value>
            </param>
          </params>
          <reporter-output>
          </reporter-output>
        </test-method> <!-- selectCurAndPax -->
        <test-method signature="verifyFlightButton()[pri:0, instance:SpiceJetWebAppSuite.Spice_Jet_Flights_App.SpiceJetLandingPageTest@278bb07e]" started-at="2019-01-07T10:54:15Z" name="verifyFlightButton" finished-at="2019-01-07T10:54:15Z" duration-ms="38" status="PASS">
          <reporter-output>
          </reporter-output>
        </test-method> <!-- verifyFlightButton -->
        <test-method signature="verifyRoundTripRadio()[pri:1, instance:SpiceJetWebAppSuite.Spice_Jet_Flights_App.SpiceJetLandingPageTest@278bb07e]" started-at="2019-01-07T10:54:15Z" name="verifyRoundTripRadio" finished-at="2019-01-07T10:54:15Z" duration-ms="35" status="FAIL">
          <exception class="java.lang.AssertionError">
            <message>
              <![CDATA[expected [false] but found [true]]]>
            </message>
            <full-stacktrace>
              <![CDATA[java.lang.AssertionError: expected [false] but found [true]
at org.testng.Assert.fail(Assert.java:96)
at org.testng.Assert.failNotEquals(Assert.java:776)
at org.testng.Assert.assertFalse(Assert.java:65)
at org.testng.Assert.assertFalse(Assert.java:75)
at SpiceJetWebAppSuite.Spice_Jet_Flights_App.SpiceJetLandingPageTest.verifyRoundTripRadio(SpiceJetLandingPageTest.java:38)
at java.base/jdk.internal.reflect.NativeMethodAccessorImpl.invoke0(Native Method)
at java.base/jdk.internal.reflect.NativeMethodAccessorImpl.invoke(NativeMethodAccessorImpl.java:62)
at java.base/jdk.internal.reflect.DelegatingMethodAccessorImpl.invoke(DelegatingMethodAccessorImpl.java:43)
at java.base/java.lang.reflect.Method.invoke(Method.java:566)
at org.testng.internal.MethodInvocationHelper.invokeMethod(MethodInvocationHelper.java:124)
at org.testng.internal.Invoker.invokeMethod(Invoker.java:583)
at org.testng.internal.Invoker.invokeTestMethod(Invoker.java:719)
at org.testng.internal.Invoker.invokeTestMethods(Invoker.java:989)
at org.testng.internal.TestMethodWorker.invokeTestMethods(TestMethodWorker.java:125)
at org.testng.internal.TestMethodWorker.run(TestMethodWorker.java:109)
at org.testng.TestRunner.privateRun(TestRunner.java:648)
at org.testng.TestRunner.run(TestRunner.java:505)
at org.testng.SuiteRunner.runTest(SuiteRunner.java:455)
at org.testng.SuiteRunner.runSequentially(SuiteRunner.java:450)
at org.testng.SuiteRunner.privateRun(SuiteRunner.java:415)
at org.testng.SuiteRunner.run(SuiteRunner.java:364)
at org.testng.SuiteRunnerWorker.runSuite(SuiteRunnerWorker.java:52)
at org.testng.SuiteRunnerWorker.run(SuiteRunnerWorker.java:84)
at org.testng.TestNG.runSuitesSequentially(TestNG.java:1208)
at org.testng.TestNG.runSuitesLocally(TestNG.java:1137)
at org.testng.TestNG.runSuites(TestNG.java:1049)
at org.testng.TestNG.run(TestNG.java:1017)
at org.testng.remote.AbstractRemoteTestNG.run(AbstractRemoteTestNG.java:114)
at org.testng.remote.RemoteTestNG.initAndRun(RemoteTestNG.java:251)
at org.testng.remote.RemoteTestNG.main(RemoteTestNG.java:77)
]]>
            </full-stacktrace>
          </exception> <!-- java.lang.AssertionError -->
          <reporter-output>
          </reporter-output>
        </test-method> <!-- verifyRoundTripRadio -->
        <test-method signature="verifyStudentCheckBox()[pri:2, instance:SpiceJetWebAppSuite.Spice_Jet_Flights_App.SpiceJetLandingPageTest@278bb07e]" started-at="2019-01-07T10:54:16Z" name="verifyStudentCheckBox" finished-at="2019-01-07T10:54:16Z" duration-ms="42" status="PASS">
          <reporter-output>
          </reporter-output>
        </test-method> <!-- verifyStudentCheckBox -->
        <test-method is-config="true" signature="tearDown()[pri:0, instance:SpiceJetWebAppSuite.Spice_Jet_Flights_App.SpiceJetLandingPageTest@278bb07e]" started-at="2019-01-07T10:54:16Z" name="tearDown" finished-at="2019-01-07T10:54:17Z" duration-ms="669" status="PASS">
          <reporter-output>
          </reporter-output>
        </test-method> <!-- tearDown -->
      </class> <!-- SpiceJetWebAppSuite.Spice_Jet_Flights_App.SpiceJetLandingPageTest -->
    </test> <!-- Test -->
  </suite> <!-- RegressionSuite -->
</testng-results>
